<<<<<<< HEAD:IMS2014_rectifier_short.log
This is pdfTeX, Version 3.14159265-2.6-1.40.20 (MiKTeX 2.9.7000 64-bit) (preloaded format=pdflatex 2019.3.28)  17 APR 2019 19:52
entering extended mode
**./IMS2014_rectifier_short.tex
(IMS2014_rectifier_short.tex
=======
This is pdfTeX, Version 3.14159265-2.6-1.40.20 (MiKTeX 2.9.7000 64-bit) (preloaded format=pdflatex 2019.3.28)  18 APR 2019 10:33
entering extended mode
**"C:/Users/Keith Lin/Desktop/SUNFLOWER/SUNFLOWER.tex"
("C:/Users/Keith Lin/Desktop/SUNFLOWER/SUNFLOWER.tex"
>>>>>>> 5ae4fae554722e686606e120b962abbbce57a1fe:SUNFLOWER.log
LaTeX2e <2018-12-01>
(IEEEtran.cls
Document Class: IEEEtran 2012/12/27 V1.8 by Michael Shell
-- See the "IEEEtran_HOWTO" manual for usage information.
-- http://www.michaelshell.org/tex/ieeetran/
\@IEEEtrantmpdimenA=\dimen102
\@IEEEtrantmpdimenB=\dimen103
\@IEEEtrantmpcountA=\count80
\@IEEEtrantmpcountB=\count81
\@IEEEtrantmptoksA=\toks14
LaTeX Font Info:    Try loading font information for OT1+ptm on input line 368.

(E:\MikTex\tex/latex/psnfss\ot1ptm.fd
File: ot1ptm.fd 2001/06/04 font definitions for OT1/ptm.
)
-- Using 8.5in x 11in (letter) paper.
-- Using PDF output.
\@IEEEnormalsizeunitybaselineskip=\dimen104
-- This is a 10 point document.
\CLASSINFOnormalsizebaselineskip=\dimen105
\CLASSINFOnormalsizeunitybaselineskip=\dimen106
\IEEEnormaljot=\dimen107
LaTeX Font Info:    Font shape `OT1/ptm/bx/n' in size <5> not available
(Font)              Font shape `OT1/ptm/b/n' tried instead on input line 726.
LaTeX Font Info:    Font shape `OT1/ptm/bx/it' in size <5> not available
(Font)              Font shape `OT1/ptm/b/it' tried instead on input line 726.
LaTeX Font Info:    Font shape `OT1/ptm/bx/n' in size <7> not available
(Font)              Font shape `OT1/ptm/b/n' tried instead on input line 726.
LaTeX Font Info:    Font shape `OT1/ptm/bx/it' in size <7> not available
(Font)              Font shape `OT1/ptm/b/it' tried instead on input line 726.
LaTeX Font Info:    Font shape `OT1/ptm/bx/n' in size <8> not available
(Font)              Font shape `OT1/ptm/b/n' tried instead on input line 726.
LaTeX Font Info:    Font shape `OT1/ptm/bx/it' in size <8> not available
(Font)              Font shape `OT1/ptm/b/it' tried instead on input line 726.
LaTeX Font Info:    Font shape `OT1/ptm/bx/n' in size <9> not available
(Font)              Font shape `OT1/ptm/b/n' tried instead on input line 726.
LaTeX Font Info:    Font shape `OT1/ptm/bx/it' in size <9> not available
(Font)              Font shape `OT1/ptm/b/it' tried instead on input line 726.
LaTeX Font Info:    Font shape `OT1/ptm/bx/n' in size <10> not available
(Font)              Font shape `OT1/ptm/b/n' tried instead on input line 726.
LaTeX Font Info:    Font shape `OT1/ptm/bx/it' in size <10> not available
(Font)              Font shape `OT1/ptm/b/it' tried instead on input line 726.
LaTeX Font Info:    Font shape `OT1/ptm/bx/n' in size <11> not available
(Font)              Font shape `OT1/ptm/b/n' tried instead on input line 726.
LaTeX Font Info:    Font shape `OT1/ptm/bx/it' in size <11> not available
(Font)              Font shape `OT1/ptm/b/it' tried instead on input line 726.
LaTeX Font Info:    Font shape `OT1/ptm/bx/n' in size <12> not available
(Font)              Font shape `OT1/ptm/b/n' tried instead on input line 726.
LaTeX Font Info:    Font shape `OT1/ptm/bx/it' in size <12> not available
(Font)              Font shape `OT1/ptm/b/it' tried instead on input line 726.
LaTeX Font Info:    Font shape `OT1/ptm/bx/n' in size <17> not available
(Font)              Font shape `OT1/ptm/b/n' tried instead on input line 726.
LaTeX Font Info:    Font shape `OT1/ptm/bx/it' in size <17> not available
(Font)              Font shape `OT1/ptm/b/it' tried instead on input line 726.
LaTeX Font Info:    Font shape `OT1/ptm/bx/n' in size <20> not available
(Font)              Font shape `OT1/ptm/b/n' tried instead on input line 726.
LaTeX Font Info:    Font shape `OT1/ptm/bx/it' in size <20> not available
(Font)              Font shape `OT1/ptm/b/it' tried instead on input line 726.
LaTeX Font Info:    Font shape `OT1/ptm/bx/n' in size <24> not available
(Font)              Font shape `OT1/ptm/b/n' tried instead on input line 726.
LaTeX Font Info:    Font shape `OT1/ptm/bx/it' in size <24> not available
(Font)              Font shape `OT1/ptm/b/it' tried instead on input line 726.
\IEEEilabelindentA=\dimen108
\IEEEilabelindentB=\dimen109
\IEEEilabelindent=\dimen110
\IEEEelabelindent=\dimen111
\IEEEdlabelindent=\dimen112
\IEEElabelindent=\dimen113
\IEEEiednormlabelsep=\dimen114
\IEEEiedmathlabelsep=\dimen115
\IEEEiedtopsep=\skip41
\c@section=\count82
\c@subsection=\count83
\c@subsubsection=\count84
\c@paragraph=\count85
\c@IEEEsubequation=\count86
\abovecaptionskip=\skip42
\belowcaptionskip=\skip43
\c@figure=\count87
\c@table=\count88
\@IEEEeqnnumcols=\count89
\@IEEEeqncolcnt=\count90
\@IEEEsubeqnnumrollback=\count91
\@IEEEtmpitemindent=\dimen116
\c@IEEEbiography=\count92
\@IEEEtranrubishbin=\box27
) (E:\MikTex\tex/latex/graphics\graphicx.sty
Package: graphicx 2017/06/01 v1.1a Enhanced LaTeX Graphics (DPC,SPQR)

(E:\MikTex\tex/latex/graphics\keyval.sty
Package: keyval 2014/10/28 v1.15 key=value parser (DPC)
\KV@toks@=\toks15
)
(E:\MikTex\tex/latex/graphics\graphics.sty
Package: graphics 2017/06/25 v1.2c Standard LaTeX Graphics (DPC,SPQR)

(E:\MikTex\tex/latex/graphics\trig.sty
Package: trig 2016/01/03 v1.10 sin cos tan (DPC)
)
(E:\MikTex\tex/latex/graphics-cfg\graphics.cfg
File: graphics.cfg 2016/06/04 v1.11 sample graphics configuration
)
Package graphics Info: Driver file: pdftex.def on input line 99.

(E:\MikTex\tex/latex/graphics-def\pdftex.def
File: pdftex.def 2018/01/08 v1.0l Graphics/color driver for pdftex
))
\Gin@req@height=\dimen117
\Gin@req@width=\dimen118
)
(E:\MikTex\tex/latex/amsmath\amsmath.sty
Package: amsmath 2018/12/01 v2.17b AMS math features
\@mathmargin=\skip44

For additional information on amsmath, use the `?' option.
(E:\MikTex\tex/latex/amsmath\amstext.sty
Package: amstext 2000/06/29 v2.01 AMS text

(E:\MikTex\tex/latex/amsmath\amsgen.sty
File: amsgen.sty 1999/11/30 v2.0 generic functions
\@emptytoks=\toks16
\ex@=\dimen119
))
(E:\MikTex\tex/latex/amsmath\amsbsy.sty
Package: amsbsy 1999/11/29 v1.2d Bold Symbols
\pmbraise@=\dimen120
)
(E:\MikTex\tex/latex/amsmath\amsopn.sty
Package: amsopn 2016/03/08 v2.02 operator names
)
\inf@bad=\count93
LaTeX Info: Redefining \frac on input line 223.
\uproot@=\count94
\leftroot@=\count95
LaTeX Info: Redefining \overline on input line 385.
\classnum@=\count96
\DOTSCASE@=\count97
LaTeX Info: Redefining \ldots on input line 482.
LaTeX Info: Redefining \dots on input line 485.
LaTeX Info: Redefining \cdots on input line 606.
\Mathstrutbox@=\box28
\strutbox@=\box29
\big@size=\dimen121
LaTeX Font Info:    Redeclaring font encoding OML on input line 729.
LaTeX Font Info:    Redeclaring font encoding OMS on input line 730.
\macc@depth=\count98
\c@MaxMatrixCols=\count99
\dotsspace@=\muskip10
\c@parentequation=\count100
\dspbrk@lvl=\count101
\tag@help=\toks17
\row@=\count102
\column@=\count103
\maxfields@=\count104
\andhelp@=\toks18
\eqnshift@=\dimen122
\alignsep@=\dimen123
\tagshift@=\dimen124
\tagwidth@=\dimen125
\totwidth@=\dimen126
\lineht@=\dimen127
\@envbody=\toks19
\multlinegap=\skip45
\multlinetaggap=\skip46
\mathdisplay@stack=\toks20
LaTeX Info: Redefining \[ on input line 2844.
LaTeX Info: Redefining \] on input line 2845.
)
(E:\MikTex\tex/latex/eqparbox\eqparbox.sty
Package: eqparbox 2017/09/03 v4.1 Create equal-widthed boxes
\eqp@tempdima=\skip47
\eqp@tempdimb=\skip48
 (E:\MikTex\tex/latex/tools\array.sty
Package: array 2018/12/30 v2.4k Tabular extension package (FMi)
\col@sep=\dimen128
\ar@mcellbox=\box30
\extrarowheight=\dimen129
\NC@list=\toks21
\extratabsurround=\skip49
\backup@length=\skip50
\ar@cellbox=\box31
)
\eqp@tabular@box=\box32
\eqp@list@box=\box33
\eqp@list@indent=\skip51
 (E:\MikTex\tex/latex/environ\environ.sty
Package: environ 2014/05/04 v0.3 A new way to define environments

(E:\MikTex\tex/latex/trimspaces\trimspaces.sty
Package: trimspaces 2009/09/17 v1.1 Trim spaces around a token list
<<<<<<< HEAD:IMS2014_rectifier_short.log
))) (IMS2014_rectifier_short.aux)
\openout1 = `IMS2014_rectifier_short.aux'.

LaTeX Font Info:    Checking defaults for OML/cmm/m/it on input line 11.
LaTeX Font Info:    ... okay on input line 11.
LaTeX Font Info:    Checking defaults for T1/cmr/m/n on input line 11.
LaTeX Font Info:    ... okay on input line 11.
LaTeX Font Info:    Checking defaults for OT1/cmr/m/n on input line 11.
LaTeX Font Info:    ... okay on input line 11.
LaTeX Font Info:    Checking defaults for OMS/cmsy/m/n on input line 11.
LaTeX Font Info:    ... okay on input line 11.
LaTeX Font Info:    Checking defaults for OMX/cmex/m/n on input line 11.
LaTeX Font Info:    ... okay on input line 11.
LaTeX Font Info:    Checking defaults for U/cmr/m/n on input line 11.
LaTeX Font Info:    ... okay on input line 11.
(E:\MikTex\tex/context/base/mkii\supp-pdf.mkii
=======
)))
(SUNFLOWER.aux)
\openout1 = `SUNFLOWER.aux'.

LaTeX Font Info:    Checking defaults for OML/cmm/m/it on input line 10.
LaTeX Font Info:    ... okay on input line 10.
LaTeX Font Info:    Checking defaults for T1/cmr/m/n on input line 10.
LaTeX Font Info:    ... okay on input line 10.
LaTeX Font Info:    Checking defaults for OT1/cmr/m/n on input line 10.
LaTeX Font Info:    ... okay on input line 10.
LaTeX Font Info:    Checking defaults for OMS/cmsy/m/n on input line 10.
LaTeX Font Info:    ... okay on input line 10.
LaTeX Font Info:    Checking defaults for OMX/cmex/m/n on input line 10.
LaTeX Font Info:    ... okay on input line 10.
LaTeX Font Info:    Checking defaults for U/cmr/m/n on input line 10.
LaTeX Font Info:    ... okay on input line 10.
 (D:\Software\miktex\miktex\tex/context/base/mkii\supp-pdf.mkii
>>>>>>> 5ae4fae554722e686606e120b962abbbce57a1fe:SUNFLOWER.log
[Loading MPS to PDF converter (version 2006.09.02).]
\scratchcounter=\count105
\scratchdimen=\dimen130
\scratchbox=\box34
\nofMPsegments=\count106
\nofMParguments=\count107
\everyMPshowfont=\toks22
\MPscratchCnt=\count108
\MPscratchDim=\dimen131
\MPnumerator=\count109
\makeMPintoPDFobject=\count110
\everyMPtoPDFconversion=\toks23
) (E:\MikTex\tex/latex/oberdiek\epstopdf-base.sty
Package: epstopdf-base 2016/05/15 v2.6 Base part for package epstopdf

(E:\MikTex\tex/generic/oberdiek\infwarerr.sty
Package: infwarerr 2016/05/16 v1.4 Providing info/warning/error messages (HO)
)
(E:\MikTex\tex/latex/oberdiek\grfext.sty
Package: grfext 2016/05/16 v1.2 Manage graphics extensions (HO)

(E:\MikTex\tex/generic/oberdiek\kvdefinekeys.sty
Package: kvdefinekeys 2016/05/16 v1.4 Define keys (HO)

(E:\MikTex\tex/generic/oberdiek\ltxcmds.sty
Package: ltxcmds 2016/05/16 v1.23 LaTeX kernel commands for general use (HO)
)))
(E:\MikTex\tex/latex/oberdiek\kvoptions.sty
Package: kvoptions 2016/05/16 v3.12 Key value format for package options (HO)

(E:\MikTex\tex/generic/oberdiek\kvsetkeys.sty
Package: kvsetkeys 2016/05/16 v1.17 Key value parser (HO)

(E:\MikTex\tex/generic/oberdiek\etexcmds.sty
Package: etexcmds 2016/05/16 v1.6 Avoid name clashes with e-TeX commands (HO)

(E:\MikTex\tex/generic/oberdiek\ifluatex.sty
Package: ifluatex 2016/05/16 v1.4 Provides the ifluatex switch (HO)
Package ifluatex Info: LuaTeX not detected.
))))
(E:\MikTex\tex/generic/oberdiek\pdftexcmds.sty
Package: pdftexcmds 2018/09/10 v0.29 Utility functions of pdfTeX for LuaTeX (HO
)

(E:\MikTex\tex/generic/oberdiek\ifpdf.sty
Package: ifpdf 2018/09/07 v3.3 Provides the ifpdf switch
)
Package pdftexcmds Info: LuaTeX not detected.
Package pdftexcmds Info: \pdf@primitive is available.
Package pdftexcmds Info: \pdf@ifprimitive is available.
Package pdftexcmds Info: \pdfdraftmode found.
)
Package epstopdf-base Info: Redefining graphics rule for `.eps' on input line 4
38.
Package grfext Info: Graphics extension search list:
(grfext)             [.pdf,.png,.jpg,.mps,.jpeg,.jbig2,.jb2,.PDF,.PNG,.JPG,.JPE
G,.JBIG2,.JB2,.eps]
(grfext)             \AppendGraphicsExtensions on input line 456.
)
** ATTENTION: \authorblockN is deprecated (line 17). Use \IEEEauthorblockN inst
ead.
** ATTENTION: \authorblockN is deprecated (line 17). Use \IEEEauthorblockN inst
ead.
** ATTENTION: \keywords is deprecated (line 31). Use \IEEEkeywords instead.

Underfull \vbox (badness 10000) has occurred while \output is active []

 [1{C:/Users/89293/AppData/Local/MiKTeX/2.9/pdftex/config/pdftex.map}


]
<<<<<<< HEAD:IMS2014_rectifier_short.log
Package epstopdf Info: Source file: <LSCT.eps>
(epstopdf)                    date: 2019-04-17 19:51:44
(epstopdf)                    size: 3461039 bytes
(epstopdf)             Output file: <LSCT-eps-converted-to.pdf>
(epstopdf)                    date: 2019-04-17 19:51:44
=======
Package epstopdf Info: Source file: <asset/memory.eps>
(epstopdf)                    date: 2019-04-17 23:39:23
(epstopdf)                    size: 2313590 bytes
(epstopdf)             Output file: <asset/memory-eps-converted-to.pdf>
(epstopdf)                    date: 2019-04-18 10:28:33
(epstopdf)                    size: 75554 bytes
(epstopdf)             Command: <epstopdf --outfile=asset/memory-eps-converted-
to.pdf asset/memory.eps>
(epstopdf)             \includegraphics on input line 73.
Package epstopdf Info: Output file is already uptodate.


pdfTeX warning: pdflatex (file ./asset/memory-eps-converted-to.pdf): PDF inclus
ion: found PDF version <1.7>, but at most version <1.5> allowed
<asset/memory-eps-converted-to.pdf, id=9, 601.24625pt x 285.065pt>
File: asset/memory-eps-converted-to.pdf Graphic file (type pdf)
<use asset/memory-eps-converted-to.pdf>
Package pdftex.def Info: asset/memory-eps-converted-to.pdf  used on input line 
73.
(pdftex.def)             Requested size: 226.79846pt x 107.52982pt.
Package epstopdf Info: Source file: <asset/LSCT.eps>
(epstopdf)                    date: 2019-04-17 00:27:10
(epstopdf)                    size: 3461039 bytes
(epstopdf)             Output file: <asset/LSCT-eps-converted-to.pdf>
(epstopdf)                    date: 2019-04-18 10:28:39
>>>>>>> 5ae4fae554722e686606e120b962abbbce57a1fe:SUNFLOWER.log
(epstopdf)                    size: 53339 bytes
(epstopdf)             Command: <epstopdf --outfile=asset/LSCT-eps-converted-to
.pdf asset/LSCT.eps>
(epstopdf)             \includegraphics on input line 93.
Package epstopdf Info: Output file is already uptodate.


<<<<<<< HEAD:IMS2014_rectifier_short.log
pdfTeX warning: pdflatex.exe (file ./LSCT-eps-converted-to.pdf): PDF inclusion:
 found PDF version <1.7>, but at most version <1.5> allowed
<LSCT-eps-converted-to.pdf, id=9, 950.55125pt x 219.82124pt>
File: LSCT-eps-converted-to.pdf Graphic file (type pdf)
<use LSCT-eps-converted-to.pdf>
Package pdftex.def Info: LSCT-eps-converted-to.pdf  used on input line 87.
=======
pdfTeX warning: pdflatex (file ./asset/LSCT-eps-converted-to.pdf): PDF inclusio
n: found PDF version <1.7>, but at most version <1.5> allowed
<asset/LSCT-eps-converted-to.pdf, id=10, 950.55125pt x 219.82124pt>
File: asset/LSCT-eps-converted-to.pdf Graphic file (type pdf)
<use asset/LSCT-eps-converted-to.pdf>
Package pdftex.def Info: asset/LSCT-eps-converted-to.pdf  used on input line 93
.
>>>>>>> 5ae4fae554722e686606e120b962abbbce57a1fe:SUNFLOWER.log
(pdftex.def)             Requested size: 252.0pt x 58.27582pt.

Underfull \vbox (badness 10000) has occurred while \output is active []

 [2 <./asset/memory-eps-converted-to.pdf>] [3 <./asset/LSCT-eps-converted-to.pd
f>]
Package epstopdf Info: Source file: <asset/Demo2.eps>
(epstopdf)                    date: 2019-04-17 23:15:00
(epstopdf)                    size: 774656 bytes
(epstopdf)             Output file: <asset/Demo2-eps-converted-to.pdf>
(epstopdf)                    date: 2019-04-18 10:28:41
(epstopdf)                    size: 20113 bytes
(epstopdf)             Command: <epstopdf --outfile=asset/Demo2-eps-converted-t
o.pdf asset/Demo2.eps>
(epstopdf)             \includegraphics on input line 145.
Package epstopdf Info: Output file is already uptodate.


pdfTeX warning: pdflatex (file ./asset/Demo2-eps-converted-to.pdf): PDF inclusi
on: found PDF version <1.7>, but at most version <1.5> allowed
<asset/Demo2-eps-converted-to.pdf, id=28, 474.77374pt x 154.5775pt>
File: asset/Demo2-eps-converted-to.pdf Graphic file (type pdf)
<use asset/Demo2-eps-converted-to.pdf>
Package pdftex.def Info: asset/Demo2-eps-converted-to.pdf  used on input line 1
45.
(pdftex.def)             Requested size: 252.0pt x 82.04596pt.
Package epstopdf Info: Source file: <asset/Demo4.eps>
(epstopdf)                    date: 2019-04-17 23:30:45
(epstopdf)                    size: 3221513 bytes
(epstopdf)             Output file: <asset/Demo4-eps-converted-to.pdf>
(epstopdf)                    date: 2019-04-18 10:28:48
(epstopdf)                    size: 62203 bytes
(epstopdf)             Command: <epstopdf --outfile=asset/Demo4-eps-converted-t
o.pdf asset/Demo4.eps>
(epstopdf)             \includegraphics on input line 153.
Package epstopdf Info: Output file is already uptodate.


pdfTeX warning: pdflatex (file ./asset/Demo4-eps-converted-to.pdf): PDF inclusi
on: found PDF version <1.7>, but at most version <1.5> allowed
<asset/Demo4-eps-converted-to.pdf, id=29, 643.40375pt x 513.92pt>
File: asset/Demo4-eps-converted-to.pdf Graphic file (type pdf)
<use asset/Demo4-eps-converted-to.pdf>
Package pdftex.def Info: asset/Demo4-eps-converted-to.pdf  used on input line 1
53.
(pdftex.def)             Requested size: 176.39923pt x 140.90105pt.
Package epstopdf Info: Source file: <asset/Demo1.eps>
(epstopdf)                    date: 2019-04-17 23:09:42
(epstopdf)                    size: 2107641 bytes
(epstopdf)             Output file: <asset/Demo1-eps-converted-to.pdf>
(epstopdf)                    date: 2019-04-18 10:30:04
(epstopdf)                    size: 85810 bytes
(epstopdf)             Command: <epstopdf --outfile=asset/Demo1-eps-converted-t
o.pdf asset/Demo1.eps>
(epstopdf)             \includegraphics on input line 162.
Package epstopdf Info: Output file is already uptodate.


<<<<<<< HEAD:IMS2014_rectifier_short.log
pdfTeX warning: pdflatex.exe (file ./IMS2014_Mike_Rectifier_mVGG.pdf): PDF incl
usion: multiple pdfs with page group included in a single page
> <./IMS2014_Mike_Rectifier.pdf

pdfTeX warning: pdflatex.exe (file ./IMS2014_Mike_Rectifier.pdf): PDF inclusion
: multiple pdfs with page group included in a single page
>]
<IMS2014_Scott_Amplifier.pdf, id=149, 505.89pt x 248.93pt>
File: IMS2014_Scott_Amplifier.pdf Graphic file (type pdf)
<use IMS2014_Scott_Amplifier.pdf>
Package pdftex.def Info: IMS2014_Scott_Amplifier.pdf  used on input line 264.
(pdftex.def)             Requested size: 180.67499pt x 88.90443pt.
<IMS2014_Scott_Rectifier.pdf, id=150, 763.85374pt x 276.03125pt>
File: IMS2014_Scott_Rectifier.pdf Graphic file (type pdf)
<use IMS2014_Scott_Rectifier.pdf>
Package pdftex.def Info: IMS2014_Scott_Rectifier.pdf  used on input line 274.
(pdftex.def)             Requested size: 245.71754pt x 88.7909pt.
=======
pdfTeX warning: pdflatex (file ./asset/Demo1-eps-converted-to.pdf): PDF inclusi
on: found PDF version <1.7>, but at most version <1.5> allowed
<asset/Demo1-eps-converted-to.pdf, id=30, 799.98875pt x 275.0275pt>
File: asset/Demo1-eps-converted-to.pdf Graphic file (type pdf)
<use asset/Demo1-eps-converted-to.pdf>
Package pdftex.def Info: asset/Demo1-eps-converted-to.pdf  used on input line 1
62.
(pdftex.def)             Requested size: 252.0pt x 86.63411pt.

Underfull \vbox (badness 5331) has occurred while \output is active []
>>>>>>> 5ae4fae554722e686606e120b962abbbce57a1fe:SUNFLOWER.log

 [4 <./asset/Demo2-eps-converted-to.pdf> <./asset/Demo4-eps-converted-to.pdf> <
./asset/Demo1-eps-converted-to.pdf>]

** Conference Paper **
Before submitting the final camera ready copy, remember to:

 1. Manually equalize the lengths of two columns on the last page
 of your paper;

 2. Ensure that any PostScript and/or PDF output post-processing
 uses only Type 1 fonts and that every step in the generation
 process uses the appropriate paper size.

<<<<<<< HEAD:IMS2014_rectifier_short.log
[6 <./IMS2014_Scott_Amplifier.pdf> <./IMS2014_Scott_Rectifier.pdf

pdfTeX warning: pdflatex.exe (file ./IMS2014_Scott_Rectifier.pdf): PDF inclusio
n: multiple pdfs with page group included in a single page
>] (IMS2014_rectifier_short.aux)

LaTeX Warning: There were undefined references.

 ) 
Here is how much of TeX's memory you used:
 2945 strings out of 492945
 43653 string characters out of 3143481
 121262 words of memory out of 3000000
 6798 multiletter control sequences out of 15000+200000
 39701 words of font info for 76 fonts, out of 3000000 for 9000
 1145 hyphenation exceptions out of 8191
 41i,9n,25p,1080b,285s stack positions out of 5000i,500n,10000p,200000b,50000s
{E:/MikTex/fonts/enc/dvips/base/8r.enc}<E:/MikTex/fonts/type1/public/amsfonts
/cm/cmmi10.pfb><E:/MikTex/fonts/type1/public/amsfonts/cm/cmmi12.pfb><E:/MikTex/
fonts/type1/public/amsfonts/cm/cmmi6.pfb><E:/MikTex/fonts/type1/public/amsfonts
/cm/cmmi7.pfb><E:/MikTex/fonts/type1/public/amsfonts/cm/cmmi8.pfb><E:/MikTex/fo
nts/type1/public/amsfonts/cm/cmr10.pfb><E:/MikTex/fonts/type1/public/amsfonts/c
m/cmr17.pfb><E:/MikTex/fonts/type1/public/amsfonts/cm/cmr6.pfb><E:/MikTex/fonts
/type1/public/amsfonts/cm/cmr7.pfb><E:/MikTex/fonts/type1/public/amsfonts/cm/cm
r8.pfb><E:/MikTex/fonts/type1/public/amsfonts/cm/cmsy10.pfb><E:/MikTex/fonts/ty
pe1/public/amsfonts/cm/cmsy7.pfb><E:/MikTex/fonts/type1/public/amsfonts/cm/cmsy
8.pfb><E:/MikTex/fonts/type1/urw/times/utmb8a.pfb><E:/MikTex/fonts/type1/urw/ti
mes/utmbi8a.pfb><E:/MikTex/fonts/type1/urw/times/utmr8a.pfb><E:/MikTex/fonts/ty
pe1/urw/times/utmri8a.pfb>
Output written on IMS2014_rectifier_short.pdf (6 pages, 1193621 bytes).
=======
[5] (SUNFLOWER.aux) ) 
Here is how much of TeX's memory you used:
 2909 strings out of 492945
 44074 string characters out of 3136411
 120221 words of memory out of 3000000
 6772 multiletter control sequences out of 15000+200000
 34597 words of font info for 65 fonts, out of 3000000 for 9000
 1145 hyphenation exceptions out of 8191
 41i,8n,25p,1103b,238s stack positions out of 5000i,500n,10000p,200000b,50000s
{D:/Software/miktex/miktex/fonts/enc/dvips/base/8r.enc}<D:
/Software/miktex/miktex/fonts/type1/public/amsfonts/cm/cmmi10.pfb><D:/Software/
miktex/miktex/fonts/type1/public/amsfonts/cm/cmmi7.pfb><D:/Software/miktex/mikt
ex/fonts/type1/public/amsfonts/cm/cmr10.pfb><D:/Software/miktex/miktex/fonts/ty
pe1/urw/times/utmb8a.pfb><D:/Software/miktex/miktex/fonts/type1/urw/times/utmbi
8a.pfb><D:/Software/miktex/miktex/fonts/type1/urw/times/utmr8a.pfb><D:/Software
/miktex/miktex/fonts/type1/urw/times/utmri8a.pfb>
Output written on SUNFLOWER.pdf (5 pages, 397019 bytes).
>>>>>>> 5ae4fae554722e686606e120b962abbbce57a1fe:SUNFLOWER.log
PDF statistics:
 75 PDF objects out of 1000 (max. 8388607)
 0 named destinations out of 1000 (max. 500000)
 26 words of extra memory for PDF output out of 10000 (max. 10000000)

